--- AGENT NODE CRITICAL ERROR ---
Traceback (most recent call last):
  File "C:\Users\seyou\RAP\rap-server\server\.venv\Lib\site-packages\langchain_google_genai\chat_models.py", line 217, in _chat_with_retry
    return generation_method(**kwargs)
           ^^^^^^^^^^^^^^^^^^^^^^^^^^^
  File "C:\Users\seyou\RAP\rap-server\server\.venv\Lib\site-packages\google\ai\generativelanguage_v1beta\services\generative_service\client.py", line 869, in generate_content
    response = rpc(
               ^^^^
  File "C:\Users\seyou\RAP\rap-server\server\.venv\Lib\site-packages\google\api_core\gapic_v1\method.py", line 131, in __call__
    return wrapped_func(*args, **kwargs)
           ^^^^^^^^^^^^^^^^^^^^^^^^^^^^^
  File "C:\Users\seyou\RAP\rap-server\server\.venv\Lib\site-packages\google\api_core\retry\retry_unary.py", line 294, in retry_wrapped_func
    return retry_target(
           ^^^^^^^^^^^^^
  File "C:\Users\seyou\RAP\rap-server\server\.venv\Lib\site-packages\google\api_core\retry\retry_unary.py", line 156, in retry_target
    next_sleep = _retry_error_helper(
                 ^^^^^^^^^^^^^^^^^^^^
  File "C:\Users\seyou\RAP\rap-server\server\.venv\Lib\site-packages\google\api_core\retry\retry_base.py", line 214, in _retry_error_helper
    raise final_exc from source_exc
  File "C:\Users\seyou\RAP\rap-server\server\.venv\Lib\site-packages\google\api_core\retry\retry_unary.py", line 147, in retry_target
    result = target()
             ^^^^^^^^
  File "C:\Users\seyou\RAP\rap-server\server\.venv\Lib\site-packages\google\api_core\timeout.py", line 130, in func_with_timeout
    return func(*args, **kwargs)
           ^^^^^^^^^^^^^^^^^^^^^
  File "C:\Users\seyou\RAP\rap-server\server\.venv\Lib\site-packages\google\api_core\grpc_helpers.py", line 77, in error_remapped_callable
    raise exceptions.from_grpc_error(exc) from exc
google.api_core.exceptions.InvalidArgument: 400 Unable to submit request because it must include at least one parts field, which describes the prompt input. Learn more: https://cloud.google.com/vertex-ai/generative-ai/docs/model-reference/gemini

The above exception was the direct cause of the following exception:

Traceback (most recent call last):
  File "C:\Users\seyou\RAP\rap-server\server\agent\nodes\agent_node.py", line 49, in agent_node
    response = chain.invoke(input_variables)
               ^^^^^^^^^^^^^^^^^^^^^^^^^^^^^
  File "C:\Users\seyou\RAP\rap-server\server\.venv\Lib\site-packages\langchain_core\runnables\base.py", line 3090, in invoke
    input_ = context.run(step.invoke, input_, config)
             ^^^^^^^^^^^^^^^^^^^^^^^^^^^^^^^^^^^^^^^^
  File "C:\Users\seyou\RAP\rap-server\server\.venv\Lib\site-packages\langchain_core\runnables\base.py", line 5489, in invoke
    return self.bound.invoke(
           ^^^^^^^^^^^^^^^^^^
  File "C:\Users\seyou\RAP\rap-server\server\.venv\Lib\site-packages\langchain_google_genai\chat_models.py", line 2012, in invoke
    return super().invoke(input, config, stop=stop, **kwargs)
           ^^^^^^^^^^^^^^^^^^^^^^^^^^^^^^^^^^^^^^^^^^^^^^^^^^
  File "C:\Users\seyou\RAP\rap-server\server\.venv\Lib\site-packages\langchain_core\language_models\chat_models.py", line 382, in invoke
    self.generate_prompt(
  File "C:\Users\seyou\RAP\rap-server\server\.venv\Lib\site-packages\langchain_core\language_models\chat_models.py", line 1091, in generate_prompt
    return self.generate(prompt_messages, stop=stop, callbacks=callbacks, **kwargs)
           ^^^^^^^^^^^^^^^^^^^^^^^^^^^^^^^^^^^^^^^^^^^^^^^^^^^^^^^^^^^^^^^^^^^^^^^^
  File "C:\Users\seyou\RAP\rap-server\server\.venv\Lib\site-packages\langchain_core\language_models\chat_models.py", line 906, in generate
    self._generate_with_cache(
  File "C:\Users\seyou\RAP\rap-server\server\.venv\Lib\site-packages\langchain_core\language_models\chat_models.py", line 1195, in _generate_with_cache
    result = self._generate(
             ^^^^^^^^^^^^^^^
  File "C:\Users\seyou\RAP\rap-server\server\.venv\Lib\site-packages\langchain_google_genai\chat_models.py", line 2131, in _generate
    response: GenerateContentResponse = _chat_with_retry(
                                        ^^^^^^^^^^^^^^^^^
  File "C:\Users\seyou\RAP\rap-server\server\.venv\Lib\site-packages\langchain_google_genai\chat_models.py", line 247, in _chat_with_retry
    return _chat_with_retry(**params)
           ^^^^^^^^^^^^^^^^^^^^^^^^^^
  File "C:\Users\seyou\RAP\rap-server\server\.venv\Lib\site-packages\tenacity\__init__.py", line 338, in wrapped_f
    return copy(f, *args, **kw)
           ^^^^^^^^^^^^^^^^^^^^
  File "C:\Users\seyou\RAP\rap-server\server\.venv\Lib\site-packages\tenacity\__init__.py", line 477, in __call__
    do = self.iter(retry_state=retry_state)
         ^^^^^^^^^^^^^^^^^^^^^^^^^^^^^^^^^^
  File "C:\Users\seyou\RAP\rap-server\server\.venv\Lib\site-packages\tenacity\__init__.py", line 378, in iter
    result = action(retry_state)
             ^^^^^^^^^^^^^^^^^^^
  File "C:\Users\seyou\RAP\rap-server\server\.venv\Lib\site-packages\tenacity\__init__.py", line 400, in <lambda>
    self._add_action_func(lambda rs: rs.outcome.result())
                                     ^^^^^^^^^^^^^^^^^^^
  File "C:\Users\seyou\AppData\Local\Programs\Python\Python312\Lib\concurrent\futures\_base.py", line 449, in result
    return self.__get_result()
           ^^^^^^^^^^^^^^^^^^^
  File "C:\Users\seyou\AppData\Local\Programs\Python\Python312\Lib\concurrent\futures\_base.py", line 401, in __get_result
    raise self._exception
  File "C:\Users\seyou\RAP\rap-server\server\.venv\Lib\site-packages\tenacity\__init__.py", line 480, in __call__
    result = fn(*args, **kwargs)
             ^^^^^^^^^^^^^^^^^^^
  File "C:\Users\seyou\RAP\rap-server\server\.venv\Lib\site-packages\langchain_google_genai\chat_models.py", line 229, in _chat_with_retry
    raise ChatGoogleGenerativeAIError(msg) from e
langchain_google_genai.chat_models.ChatGoogleGenerativeAIError: Invalid argument provided to Gemini: 400 Unable to submit request because it must include at least one parts field, which describes the prompt input. Learn more: https://cloud.google.com/vertex-ai/generative-ai/docs/model-reference/gemini
---------------------------------