â¯ npm run build

> rap@1.0.0 build
> tsc -b && vite build

src/components/automation/ScriptInspector/ScriptHeader.tsx:82:32 - error TS2339: Property 'version' does not exist on type 'ScriptMetadata'.

82         <span>{script.metadata.version || 'v1.0'}</span>
                                  ~~~~~~~

src/components/layout/Sidebar/Sidebar.tsx:547:61 - error TS2339: Property 'name' does not exist on type 'ScriptMetadata'.

547                 <span className="truncate">{script.metadata.name || script.name}</span>
                                                                ~~~~

src/components/layout/Sidebar/Sidebar.tsx:575:61 - error TS2339: Property 'name' does not exist on type 'ScriptMetadata'.

575                 <span className="truncate">{script.metadata.name || script.name}</span>
                                                                ~~~~

src/data/mockScripts.ts:30:7 - error TS2353: Object literal may only specify known properties, and 'tags' does not exist in type 'ScriptMetadata'.

30       tags: [], // Placeholder
         ~~~~

  src/types/scriptModel.ts:91:3
    91   metadata: ScriptMetadata;
         ~~~~~~~~
    The expected type comes from property 'metadata' which is declared here on type 'Script'

src/data/mockScripts.ts:58:7 - error TS2353: Object literal may only specify known properties, and 'tags' does not exist in type 'ScriptMetadata'.

58       tags: [], // Placeholder
         ~~~~

  src/types/scriptModel.ts:91:3
    91   metadata: ScriptMetadata;
         ~~~~~~~~
    The expected type comes from property 'metadata' which is declared here on type 'Script'


Found 5 errors.